Start testing: Oct 12 21:12 CEST
----------------------------------------------------------
Unable to find executable: /home/max/projects_code/LaTeX_linter/build/test/test-main
1/1 Testing: test-main
1/1 Test: test-main
Command: ""
Directory: /home/max/projects_code/LaTeX_linter/build/test
"test-main" start time: 
Output:
----------------------------------------------------------
<end of output>
Test time =   0.00 sec
----------------------------------------------------------
Test Passed.
"test-main" end time: Oct 12 21:12 CEST
"test-main" time elapsed: 00:00:00
----------------------------------------------------------

End testing: Oct 12 21:12 CEST
