Start testing: Oct 19 07:06 CEST
----------------------------------------------------------
1/1 Testing: linterTests
1/1 Test: linterTests
Command: "/home/max/projects_code/LaTeX_linter/build/linterTest/linterTests"
Directory: /home/max/projects_code/LaTeX_linter/build/linterTest
"linterTests" start time: Oct 19 07:06 CEST
Output:
----------------------------------------------------------
Running main() from /home/max/projects_code/LaTeX_linter/googletest/googletest/src/gtest_main.cc
[==========] Running 4 tests from 1 test suite.
[----------] Global test environment set-up.
[----------] 4 tests from ReaderTest
[ RUN      ] ReaderTest.formatComment
[       OK ] ReaderTest.formatComment (0 ms)
[ RUN      ] ReaderTest.blankSections
[       OK ] ReaderTest.blankSections (0 ms)
[ RUN      ] ReaderTest.indent
[       OK ] ReaderTest.indent (0 ms)
[ RUN      ] ReaderTest.newlineFix
[       OK ] ReaderTest.newlineFix (0 ms)
[----------] 4 tests from ReaderTest (0 ms total)

[----------] Global test environment tear-down
[==========] 4 tests from 1 test suite ran. (0 ms total)
[  PASSED  ] 4 tests.
<end of output>
Test time =   0.00 sec
----------------------------------------------------------
Test Passed.
"linterTests" end time: Oct 19 07:06 CEST
"linterTests" time elapsed: 00:00:00
----------------------------------------------------------

End testing: Oct 19 07:06 CEST
