Start testing: Oct 18 00:06 CEST
----------------------------------------------------------
1/1 Testing: linterTests
1/1 Test: linterTests
Command: "/home/max/projects_code/LaTeX_linter/build/linterTest/linterTests"
Directory: /home/max/projects_code/LaTeX_linter/build/linterTest
"linterTests" start time: Oct 18 00:06 CEST
Output:
----------------------------------------------------------
Running main() from /home/max/projects_code/LaTeX_linter/googletest/googletest/src/gtest_main.cc
[==========] Running 1 test from 1 test suite.
[----------] Global test environment set-up.
[----------] 1 test from linterTests
[ RUN      ] linterTests.formatcomment
/home/max/projects_code/LaTeX_linter/linterTest/linterTests.cpp:12: Failure
Expected equality of these values:
  expectedComment
    Which is: " % hello"
  testComment
    Which is: "%hello"
[  FAILED  ] linterTests.formatcomment (0 ms)
[----------] 1 test from linterTests (0 ms total)

[----------] Global test environment tear-down
[==========] 1 test from 1 test suite ran. (0 ms total)
[  PASSED  ] 0 tests.
[  FAILED  ] 1 test, listed below:
[  FAILED  ] linterTests.formatcomment

 1 FAILED TEST
<end of output>
Test time =   0.01 sec
----------------------------------------------------------
Test Failed.
"linterTests" end time: Oct 18 00:06 CEST
"linterTests" time elapsed: 00:00:00
----------------------------------------------------------

End testing: Oct 18 00:06 CEST
