<?xml version="1.0" encoding="UTF-8"?>
<Site BuildName="(empty)"
	BuildStamp="20221012-1804-Experimental"
	Name="(empty)"
	Generator="ctest-3.18.4"
	CompilerName=""
	CompilerVersion=""
	OSName="Linux"
	Hostname="DESKTOP-9UTKHUI"
	OSRelease="5.10.16.3-microsoft-standard-WSL2"
	OSVersion="#1 SMP Fri Apr 2 22:23:49 UTC 2021"
	OSPlatform="x86_64"
	Is64Bits="1"
	VendorString="GenuineIntel"
	VendorID="Intel Corporation"
	FamilyID="6"
	ModelID="60"
	ProcessorCacheSize="6144"
	NumberOfLogicalCPU="4"
	NumberOfPhysicalCPU="4"
	TotalVirtualMemory="2048"
	TotalPhysicalMemory="6303"
	LogicalProcessorsPerPhysical="1"
	ProcessorClockFrequency="3500"
	>
	<Testing>
		<StartDateTime>Oct 12 21:12 CEST</StartDateTime>
		<StartTestTime>1665601933</StartTestTime>
		<TestList>
			<Test>./test/test-main</Test>
		</TestList>
		<Test Status="notrun">
			<Name>test-main</Name>
			<Path>./test</Path>
			<FullName>./test/test-main</FullName>
			<FullCommandLine></FullCommandLine>
			<Results>
				<NamedMeasurement type="numeric/double" name="Processors">
					<Value>1</Value>
				</NamedMeasurement>
				<NamedMeasurement type="text/string" name="Completion Status">
					<Value>Unable to find executable</Value>
				</NamedMeasurement>
				<NamedMeasurement type="text/string" name="Command Line">
					<Value></Value>
				</NamedMeasurement>
				<NamedMeasurement type="text/string" name="Environment">
					<Value></Value>
				</NamedMeasurement>
				<Measurement>
					<Value>Unable to find executable: /home/max/projects_code/LaTeX_linter/build/test/test-main</Value>
				</Measurement>
			</Results>
		</Test>
		<EndDateTime>Oct 12 21:12 CEST</EndDateTime>
		<EndTestTime>1665601933</EndTestTime>
		<ElapsedMinutes>0</ElapsedMinutes>
	</Testing>
</Site>
